<?xml version="1.0" encoding="UTF-8"?>
<!-- Generated by org.testng.reporters.JUnitXMLReporter -->
<testsuite ignored="0" hostname="DESKTOP-P686UQ3" failures="0" tests="11" name="Default test" time="27.179" errors="0" timestamp="2024-08-24T06:19:39 EET">
  <testcase classname="homepage.myTestCases" name="CheckTheDefaultLanguageIsEnglish" time="0.045"/>
  <testcase classname="homepage.myTestCases" name="CheckdefaultCurrency" time="0.068"/>
  <testcase classname="homepage.myTestCases" name="ExpectedContactNumber" time="0.032"/>
  <testcase classname="homepage.myTestCases" name="CheckQitafLogo" time="0.066"/>
  <testcase classname="homepage.myTestCases" name="Checkhotelisselected" time="0.034"/>
  <testcase classname="homepage.myTestCases" name="CheckDepatureDate" time="0.049"/>
  <testcase classname="homepage.myTestCases" name="RandomlyChangeTheLanguage" time="1.321"/>
  <testcase classname="homepage.myTestCases" name="FillHotelTab" time="0.566"/>
  <testcase classname="homepage.myTestCases" name="RandomlySelectTheNumberOfVistor" time="3.435"/>
  <testcase classname="homepage.myTestCases" name="CheckThePageFullyLoaded" time="14.864"/>
  <testcase classname="homepage.myTestCases" name="SortItem" time="0.716"/>
</testsuite> <!-- Default test -->
