<?xml version="1.0" encoding="UTF-8"?>
<!-- Generated by org.testng.reporters.JUnitXMLReporter -->
<testsuite ignored="0" hostname="DESKTOP-P686UQ3" failures="0" tests="11" name="Default test" time="21.64" errors="0" timestamp="2024-08-24T06:28:51 EET">
  <testcase classname="homepage.myTestCases" name="CheckTheDefaultLanguageIsEnglish" time="0.05"/>
  <testcase classname="homepage.myTestCases" name="CheckdefaultCurrency" time="0.073"/>
  <testcase classname="homepage.myTestCases" name="ExpectedContactNumber" time="0.029"/>
  <testcase classname="homepage.myTestCases" name="CheckQitafLogo" time="0.072"/>
  <testcase classname="homepage.myTestCases" name="Checkhotelisselected" time="0.041"/>
  <testcase classname="homepage.myTestCases" name="CheckDepatureDate" time="0.059"/>
  <testcase classname="homepage.myTestCases" name="RandomlyChangeTheLanguage" time="1.554"/>
  <testcase classname="homepage.myTestCases" name="FillHotelTab" time="0.564"/>
  <testcase classname="homepage.myTestCases" name="RandomlySelectTheNumberOfVistor" time="3.665"/>
  <testcase classname="homepage.myTestCases" name="CheckThePageFullyLoaded" time="10.68"/>
  <testcase classname="homepage.myTestCases" name="SortItem" time="0.953"/>
</testsuite> <!-- Default test -->
