<?xml version="1.0" encoding="UTF-8"?>
<testng-results ignored="0" total="11" passed="11" failed="0" skipped="0">
  <reporter-output>
  </reporter-output>
  <suite started-at="2024-08-24T06:28:29 EET" name="Default suite" finished-at="2024-08-24T06:28:51 EET" duration-ms="21640">
    <groups>
    </groups>
    <test started-at="2024-08-24T06:28:29 EET" name="Default test" finished-at="2024-08-24T06:28:51 EET" duration-ms="21640">
      <class name="homepage.myTestCases">
        <test-method is-config="true" signature="mySetup()[pri:0, instance:homepage.myTestCases@4a9f80d3]" started-at="2024-08-24T06:28:29 EET" name="mySetup" finished-at="2024-08-24T06:28:33 EET" duration-ms="3842" status="PASS">
          <reporter-output>
          </reporter-output>
        </test-method> <!-- mySetup -->
        <test-method signature="CheckTheDefaultLanguageIsEnglish()[pri:1, instance:homepage.myTestCases@4a9f80d3]" started-at="2024-08-24T06:28:33 EET" name="CheckTheDefaultLanguageIsEnglish" finished-at="2024-08-24T06:28:33 EET" duration-ms="50" status="PASS">
          <reporter-output>
          </reporter-output>
        </test-method> <!-- CheckTheDefaultLanguageIsEnglish -->
        <test-method signature="CheckdefaultCurrency()[pri:2, instance:homepage.myTestCases@4a9f80d3]" started-at="2024-08-24T06:28:33 EET" name="CheckdefaultCurrency" finished-at="2024-08-24T06:28:33 EET" duration-ms="73" status="PASS">
          <reporter-output>
          </reporter-output>
        </test-method> <!-- CheckdefaultCurrency -->
        <test-method signature="ExpectedContactNumber()[pri:3, instance:homepage.myTestCases@4a9f80d3]" started-at="2024-08-24T06:28:33 EET" name="ExpectedContactNumber" finished-at="2024-08-24T06:28:33 EET" duration-ms="29" status="PASS">
          <reporter-output>
          </reporter-output>
        </test-method> <!-- ExpectedContactNumber -->
        <test-method signature="CheckQitafLogo()[pri:4, instance:homepage.myTestCases@4a9f80d3]" started-at="2024-08-24T06:28:33 EET" name="CheckQitafLogo" finished-at="2024-08-24T06:28:33 EET" duration-ms="72" status="PASS">
          <reporter-output>
          </reporter-output>
        </test-method> <!-- CheckQitafLogo -->
        <test-method signature="Checkhotelisselected()[pri:5, instance:homepage.myTestCases@4a9f80d3]" started-at="2024-08-24T06:28:33 EET" name="Checkhotelisselected" finished-at="2024-08-24T06:28:33 EET" duration-ms="41" status="PASS">
          <reporter-output>
          </reporter-output>
        </test-method> <!-- Checkhotelisselected -->
        <test-method signature="CheckDepatureDate()[pri:6, instance:homepage.myTestCases@4a9f80d3]" started-at="2024-08-24T06:28:33 EET" name="CheckDepatureDate" finished-at="2024-08-24T06:28:33 EET" duration-ms="59" status="PASS">
          <reporter-output>
          </reporter-output>
        </test-method> <!-- CheckDepatureDate -->
        <test-method signature="RandomlyChangeTheLanguage()[pri:7, instance:homepage.myTestCases@4a9f80d3]" started-at="2024-08-24T06:28:33 EET" name="RandomlyChangeTheLanguage" finished-at="2024-08-24T06:28:35 EET" duration-ms="1554" status="PASS">
          <reporter-output>
          </reporter-output>
        </test-method> <!-- RandomlyChangeTheLanguage -->
        <test-method signature="FillHotelTab()[pri:8, instance:homepage.myTestCases@4a9f80d3]" started-at="2024-08-24T06:28:35 EET" name="FillHotelTab" finished-at="2024-08-24T06:28:35 EET" duration-ms="564" status="PASS">
          <reporter-output>
          </reporter-output>
        </test-method> <!-- FillHotelTab -->
        <test-method signature="RandomlySelectTheNumberOfVistor()[pri:9, instance:homepage.myTestCases@4a9f80d3]" started-at="2024-08-24T06:28:35 EET" name="RandomlySelectTheNumberOfVistor" finished-at="2024-08-24T06:28:39 EET" duration-ms="3665" status="PASS">
          <reporter-output>
          </reporter-output>
        </test-method> <!-- RandomlySelectTheNumberOfVistor -->
        <test-method signature="CheckThePageFullyLoaded()[pri:10, instance:homepage.myTestCases@4a9f80d3]" started-at="2024-08-24T06:28:39 EET" name="CheckThePageFullyLoaded" finished-at="2024-08-24T06:28:50 EET" duration-ms="10680" status="PASS">
          <reporter-output>
          </reporter-output>
        </test-method> <!-- CheckThePageFullyLoaded -->
        <test-method signature="SortItem()[pri:11, instance:homepage.myTestCases@4a9f80d3]" started-at="2024-08-24T06:28:50 EET" name="SortItem" finished-at="2024-08-24T06:28:51 EET" duration-ms="953" status="PASS">
          <reporter-output>
          </reporter-output>
        </test-method> <!-- SortItem -->
      </class> <!-- homepage.myTestCases -->
    </test> <!-- Default test -->
  </suite> <!-- Default suite -->
</testng-results>
