<?xml version="1.0" encoding="UTF-8"?>
<testng-results ignored="0" total="11" passed="11" failed="0" skipped="0">
  <reporter-output>
  </reporter-output>
  <suite started-at="2024-08-21T04:17:14 EET" name="Default suite" finished-at="2024-08-21T04:17:41 EET" duration-ms="27012">
    <groups>
    </groups>
    <test started-at="2024-08-21T04:17:14 EET" name="Default test" finished-at="2024-08-21T04:17:41 EET" duration-ms="27012">
      <class name="homepage.myTestCases">
        <test-method is-config="true" signature="mySetup()[pri:0, instance:homepage.myTestCases@4eed46ee]" started-at="2024-08-21T04:17:14 EET" name="mySetup" finished-at="2024-08-21T04:17:21 EET" duration-ms="6706" status="PASS">
          <reporter-output>
          </reporter-output>
        </test-method> <!-- mySetup -->
        <test-method signature="CheckTheDefaultLanguageIsEnglish()[pri:1, instance:homepage.myTestCases@4eed46ee]" started-at="2024-08-21T04:17:21 EET" name="CheckTheDefaultLanguageIsEnglish" finished-at="2024-08-21T04:17:21 EET" duration-ms="72" status="PASS">
          <reporter-output>
          </reporter-output>
        </test-method> <!-- CheckTheDefaultLanguageIsEnglish -->
        <test-method signature="CheckdefaultCurrency()[pri:2, instance:homepage.myTestCases@4eed46ee]" started-at="2024-08-21T04:17:21 EET" name="CheckdefaultCurrency" finished-at="2024-08-21T04:17:21 EET" duration-ms="57" status="PASS">
          <reporter-output>
          </reporter-output>
        </test-method> <!-- CheckdefaultCurrency -->
        <test-method signature="ExpectedContactNumber()[pri:3, instance:homepage.myTestCases@4eed46ee]" started-at="2024-08-21T04:17:21 EET" name="ExpectedContactNumber" finished-at="2024-08-21T04:17:21 EET" duration-ms="59" status="PASS">
          <reporter-output>
          </reporter-output>
        </test-method> <!-- ExpectedContactNumber -->
        <test-method signature="CheckQitafLogo()[pri:4, instance:homepage.myTestCases@4eed46ee]" started-at="2024-08-21T04:17:21 EET" name="CheckQitafLogo" finished-at="2024-08-21T04:17:21 EET" duration-ms="139" status="PASS">
          <reporter-output>
          </reporter-output>
        </test-method> <!-- CheckQitafLogo -->
        <test-method signature="Checkhotelisselected()[pri:5, instance:homepage.myTestCases@4eed46ee]" started-at="2024-08-21T04:17:21 EET" name="Checkhotelisselected" finished-at="2024-08-21T04:17:21 EET" duration-ms="31" status="PASS">
          <reporter-output>
          </reporter-output>
        </test-method> <!-- Checkhotelisselected -->
        <test-method signature="CheckDepatureDate()[pri:6, instance:homepage.myTestCases@4eed46ee]" started-at="2024-08-21T04:17:21 EET" name="CheckDepatureDate" finished-at="2024-08-21T04:17:21 EET" duration-ms="160" status="PASS">
          <reporter-output>
          </reporter-output>
        </test-method> <!-- CheckDepatureDate -->
        <test-method signature="RandomlyChangeTheLanguage()[pri:7, instance:homepage.myTestCases@4eed46ee]" started-at="2024-08-21T04:17:21 EET" name="RandomlyChangeTheLanguage" finished-at="2024-08-21T04:17:24 EET" duration-ms="2332" status="PASS">
          <reporter-output>
          </reporter-output>
        </test-method> <!-- RandomlyChangeTheLanguage -->
        <test-method signature="FillHotelTab()[pri:8, instance:homepage.myTestCases@4eed46ee]" started-at="2024-08-21T04:17:24 EET" name="FillHotelTab" finished-at="2024-08-21T04:17:25 EET" duration-ms="1595" status="PASS">
          <reporter-output>
          </reporter-output>
        </test-method> <!-- FillHotelTab -->
        <test-method signature="RandomlySelectTheNumberOfVistor()[pri:9, instance:homepage.myTestCases@4eed46ee]" started-at="2024-08-21T04:17:25 EET" name="RandomlySelectTheNumberOfVistor" finished-at="2024-08-21T04:17:30 EET" duration-ms="4587" status="PASS">
          <reporter-output>
          </reporter-output>
        </test-method> <!-- RandomlySelectTheNumberOfVistor -->
        <test-method signature="CheckThePageFullyLoaded()[pri:10, instance:homepage.myTestCases@4eed46ee]" started-at="2024-08-21T04:17:30 EET" name="CheckThePageFullyLoaded" finished-at="2024-08-21T04:17:40 EET" duration-ms="10511" status="PASS">
          <reporter-output>
          </reporter-output>
        </test-method> <!-- CheckThePageFullyLoaded -->
        <test-method signature="SortItem()[pri:11, instance:homepage.myTestCases@4eed46ee]" started-at="2024-08-21T04:17:40 EET" name="SortItem" finished-at="2024-08-21T04:17:41 EET" duration-ms="689" status="PASS">
          <reporter-output>
          </reporter-output>
        </test-method> <!-- SortItem -->
      </class> <!-- homepage.myTestCases -->
    </test> <!-- Default test -->
  </suite> <!-- Default suite -->
</testng-results>
